<?xml version="1.0" encoding="UTF-8"?>
<!-- Generated by org.testng.reporters.JUnitReportReporter -->
<testsuite skipped="0" hostname="DESKTOP-PIHE7CB" name="Selenium" tests="1" failures="0" timestamp="2023-06-11T19:19:47 IST" time="7.325" errors="0">
  <testcase name="main" time="7.325" classname="Selenium"/>
  <system-out/>
</testsuite> <!-- Selenium -->
